<?xml version="1.0" encoding="UTF-8"?>
<!-- Generated by org.testng.reporters.JUnitReportReporter -->
<testsuite skipped="0" hostname="LAPTOP-FDIBJU8L" name="com.crm.qa.testcases.LoginPageTest" tests="3" failures="0" timestamp="31 Mar 2021 12:14:18 GMT" time="48.911" errors="0">
  <testcase name="loginPageTitleTest" time="14.519" classname="com.crm.qa.testcases.LoginPageTest"/>
  <testcase name="crmLogoImageTest" time="14.663" classname="com.crm.qa.testcases.LoginPageTest"/>
  <testcase name="loginTest" time="19.729" classname="com.crm.qa.testcases.LoginPageTest"/>
</testsuite> <!-- com.crm.qa.testcases.LoginPageTest -->
